#
# A fatal error has been detected by the Java Runtime Environment:
#
#  Internal Error (javaCalls.cpp:51), pid=101676, tid=99944
#  guarantee(thread->is_Java_thread()) failed: crucial check - the VM thread cannot and must not escape to Java code
#
# JRE version: Java(TM) SE Runtime Environment (8.0_73-b02) (build 1.8.0_73-b02)
# Java VM: Java HotSpot(TM) Client VM (25.73-b02 mixed mode windows-x86 )
# Failed to write core dump. Minidumps are not enabled by default on client versions of Windows
#
# If you would like to submit a bug report, please visit:
#   http://bugreport.java.com/bugreport/crash.jsp
#

---------------  T H R E A D  ---------------

Current thread (0x02acec00):  VMThread [stack: 0x15260000,0x152b0000] [id=99944]

Stack: [0x15260000,0x152b0000],  sp=0x152aeffc,  free space=315k
Native frames: (J=compiled Java code, j=interpreted, Vv=VM code, C=native code)
V  [jvm.dll+0x1a7f9b]
V  [jvm.dll+0x1a0805]
V  [jvm.dll+0x15867e]
V  [jvm.dll+0x158bbf]
V  [jvm.dll+0x21e0be]
V  [jvm.dll+0x158c8e]
V  [jvm.dll+0x15900f]
V  [jvm.dll+0x1a13ca]
V  [jvm.dll+0x1a1434]
V  [jvm.dll+0x1a15ea]
V  [jvm.dll+0x1a1636]
V  [jvm.dll+0xb014b]
V  [jvm.dll+0xb03d8]
V  [jvm.dll+0xb38cc]
V  [jvm.dll+0xb3b92]
V  [jvm.dll+0x85651]
V  [jvm.dll+0x85ccd]
V  [jvm.dll+0x861cb]
V  [jvm.dll+0xbb28f]
V  [jvm.dll+0xcbd5b]
V  [jvm.dll+0x1207ed]
V  [jvm.dll+0x18118b]
V  [jvm.dll+0x1805a1]
V  [jvm.dll+0x1809b7]
V  [jvm.dll+0x180bb2]
V  [jvm.dll+0x1c0636]
C  [msvcr100.dll+0x5c556]
C  [msvcr100.dll+0x5c600]
C  [KERNEL32.DLL+0x138f4]
C  [ntdll.dll+0x65de3]
C  [ntdll.dll+0x65dae]

VM_Operation (0x1559f9f0): GetOrSetLocal, mode: safepoint, requested by thread 0x150cc000


---------------  P R O C E S S  ---------------

Java Threads: ( => current thread )
  0x17cecc00 JavaThread "http-nio-8080-exec-10" daemon [_thread_blocked, id=102760, stack(0x1a470000,0x1a4c0000)]
  0x17cf1800 JavaThread "http-nio-8080-exec-9" daemon [_thread_blocked, id=102756, stack(0x1a3e0000,0x1a430000)]
  0x17cec800 JavaThread "http-nio-8080-exec-8" daemon [_thread_blocked, id=102752, stack(0x1a350000,0x1a3a0000)]
  0x17cf0c00 JavaThread "http-nio-8080-exec-7" daemon [_thread_blocked, id=102840, stack(0x1a2c0000,0x1a310000)]
  0x17ced800 JavaThread "http-nio-8080-exec-6" daemon [_thread_blocked, id=102808, stack(0x1a230000,0x1a280000)]
  0x16261800 JavaThread "http-nio-8080-exec-5" daemon [_thread_blocked, id=102788, stack(0x1a1a0000,0x1a1f0000)]
  0x16261000 JavaThread "http-nio-8080-exec-4" daemon [_thread_blocked, id=102712, stack(0x1a110000,0x1a160000)]
  0x16260c00 JavaThread "http-nio-8080-exec-3" daemon [_thread_blocked, id=91496, stack(0x19e80000,0x19ed0000)]
  0x16260400 JavaThread "http-nio-8080-exec-2" daemon [_thread_blocked, id=102532, stack(0x195a0000,0x195f0000)]
  0x1625f800 JavaThread "http-nio-8080-exec-1" daemon [_thread_blocked, id=102444, stack(0x16a00000,0x16a50000)]
  0x16265c00 JavaThread "DestroyJavaVM" [_thread_blocked, id=100440, stack(0x02870000,0x028c0000)]
  0x16263800 JavaThread "http-nio-8080-AsyncTimeout" daemon [_thread_blocked, id=103276, stack(0x19d60000,0x19db0000)]
  0x16262400 JavaThread "http-nio-8080-Acceptor-0" daemon [_thread_in_native, id=103304, stack(0x19cd0000,0x19d20000)]
  0x16265800 JavaThread "http-nio-8080-ClientPoller-1" daemon [_thread_in_native, id=103300, stack(0x19c40000,0x19c90000)]
  0x16263000 JavaThread "http-nio-8080-ClientPoller-0" daemon [_thread_in_native, id=102684, stack(0x19bb0000,0x19c00000)]
  0x16260000 JavaThread "NioBlockingSelector.BlockPoller-2" daemon [_thread_in_native, id=103352, stack(0x19b20000,0x19b70000)]
  0x1625f400 JavaThread "http-nio-9001-AsyncTimeout" daemon [_thread_blocked, id=103364, stack(0x19a90000,0x19ae0000)]
  0x16262c00 JavaThread "http-nio-9001-Acceptor-0" daemon [_thread_in_native, id=102676, stack(0x19a00000,0x19a50000)]
  0x16263c00 JavaThread "http-nio-9001-ClientPoller-1" daemon [_thread_in_native, id=103316, stack(0x19970000,0x199c0000)]
  0x16266400 JavaThread "http-nio-9001-ClientPoller-0" daemon [_thread_in_native, id=102648, stack(0x198e0000,0x19930000)]
  0x16264400 JavaThread "NioBlockingSelector.BlockPoller-1" daemon [_thread_in_native, id=103320, stack(0x19850000,0x198a0000)]
  0x16262000 JavaThread "container-1" [_thread_blocked, id=103328, stack(0x196c0000,0x19710000)]
  0x16265000 JavaThread "ContainerBackgroundProcessor[StandardEngine[Tomcat-1]]" daemon [_thread_blocked, id=103416, stack(0x19630000,0x19680000)]
  0x17858400 JavaThread "Abandoned connection cleanup thread" daemon [_thread_blocked, id=79076, stack(0x19070000,0x190c0000)]
  0x17858000 JavaThread "Tomcat JDBC Pool Cleaner[14341596:1494845621424]" daemon [_thread_blocked, id=103244, stack(0x18fe0000,0x19030000)]
  0x17857400 JavaThread "RMI TCP Connection(idle)" daemon [_thread_blocked, id=103212, stack(0x18e50000,0x18ea0000)]
  0x17856c00 JavaThread "container-0" [_thread_blocked, id=103228, stack(0x18ac0000,0x18b10000)]
  0x17857800 JavaThread "ContainerBackgroundProcessor[StandardEngine[Tomcat]]" daemon [_thread_blocked, id=103224, stack(0x18a30000,0x18a80000)]
  0x161eec00 JavaThread "JMX server connection timeout 19" daemon [_thread_blocked, id=103032, stack(0x16e40000,0x16e90000)]
  0x161bd000 JavaThread "RMI Scheduler(0)" daemon [_thread_blocked, id=103052, stack(0x16db0000,0x16e00000)]
  0x15b9f400 JavaThread "RMI TCP Accept-0" daemon [_thread_in_native, id=102116, stack(0x15e70000,0x15ec0000)]
  0x15b76c00 JavaThread "RMI TCP Accept-52054" daemon [_thread_in_native, id=101648, stack(0x15ce0000,0x15d30000)]
  0x15b74000 JavaThread "RMI TCP Accept-0" daemon [_thread_in_native, id=102524, stack(0x15c50000,0x15ca0000)]
  0x150fd400 JavaThread "Service Thread" daemon [_thread_blocked, id=101760, stack(0x157a0000,0x157f0000)]
  0x150d9400 JavaThread "C1 CompilerThread0" daemon [_thread_blocked, id=93320, stack(0x15710000,0x15760000)]
  0x150d0400 JavaThread "JDWP Command Reader" daemon [_thread_in_native, id=83080, stack(0x15680000,0x156d0000)]
  0x150cd400 JavaThread "JDWP Event Helper Thread" daemon [_thread_blocked, id=91208, stack(0x155e0000,0x15630000)]
  0x150cc000 JavaThread "JDWP Transport Listener: dt_socket" daemon [_thread_blocked, id=93256, stack(0x15550000,0x155a0000)]
  0x15091000 JavaThread "Attach Listener" daemon [_thread_blocked, id=101848, stack(0x154c0000,0x15510000)]
  0x150c5c00 JavaThread "Signal Dispatcher" daemon [_thread_blocked, id=91828, stack(0x15430000,0x15480000)]
  0x15069c00 JavaThread "Finalizer" daemon [_thread_blocked, id=102692, stack(0x15340000,0x15390000)]
  0x15065000 JavaThread "Reference Handler" daemon [_thread_blocked, id=96588, stack(0x152b0000,0x15300000)]

Other Threads:
=>0x02acec00 VMThread [stack: 0x15260000,0x152b0000] [id=99944]
  0x15b80c00 WatcherThread [stack: 0x15f00000,0x15f50000] [id=96908]

VM state:at safepoint (normal execution)

VM Mutex/Monitor currently owned by a thread:  ([mutex/lock_event])
[0x029ce6d8] Threads_lock - owner thread: 0x02acec00

Heap:
 def new generation   total 25344K, used 19247K [0x04c00000, 0x06780000, 0x0a150000)
  eden space 22528K,  72% used [0x04c00000, 0x05c0bf10, 0x06200000)
  from space 2816K, 100% used [0x064c0000, 0x06780000, 0x06780000)
  to   space 2816K,   0% used [0x06200000, 0x06200000, 0x064c0000)
 tenured generation   total 56280K, used 34660K [0x0a150000, 0x0d846000, 0x14c00000)
   the space 56280K,  61% used [0x0a150000, 0x0c329108, 0x0c329200, 0x0d846000)
 Metaspace       used 31041K, capacity 31393K, committed 31488K, reserved 32128K

Card table byte_map: [0x04ad0000,0x04b60000] byte_map_base: 0x04aaa000

Polling page: 0x028c0000

CodeCache: size=32768Kb used=5853Kb max_used=5958Kb free=26914Kb
 bounds [0x02ad0000, 0x030b0000, 0x04ad0000]
 total_blobs=3001 nmethods=2560 adapters=379
 compilation: enabled

Compilation events (10 events):
Event: 98.542 Thread 0x150d9400 2992             java.nio.channels.spi.AbstractInterruptibleChannel::blockedOn (13 bytes)
Event: 98.542 Thread 0x150d9400 nmethod 2992 0x02c162c8 code [0x02c163d0, 0x02c16610]
Event: 98.545 Thread 0x150d9400 2993             javax.servlet.http.HttpServletRequestWrapper::getHeader (11 bytes)
Event: 98.545 Thread 0x150d9400 nmethod 2993 0x02c140c8 code [0x02c141d0, 0x02c142bc]
Event: 98.547 Thread 0x150d9400 2994             org.springframework.beans.PropertyMatches::calculateStringDistance (211 bytes)
Event: 98.548 Thread 0x150d9400 nmethod 2994 0x02f2a048 code [0x02f2a1c0, 0x02f2a628]
Event: 98.549 Thread 0x150d9400 2995             com.mysql.jdbc.ConnectionPropertiesImpl$BooleanConnectionProperty::getValueAsBoolean (11 bytes)
Event: 98.549 Thread 0x150d9400 nmethod 2995 0x02c1d048 code [0x02c1d140, 0x02c1d1f0]
Event: 98.562 Thread 0x150d9400 2996             com.mysql.jdbc.MysqlIO::adjustStartForFieldLength (47 bytes)
Event: 98.562 Thread 0x150d9400 nmethod 2996 0x02c1dfc8 code [0x02c1e0c0, 0x02c1e1b0]

GC Heap History (10 events):
Event: 7.022 GC heap before
{Heap before GC invocations=94 (full 3):
 def new generation   total 15936K, used 15474K [0x04c00000, 0x05d40000, 0x0a150000)
  eden space 14208K, 100% used [0x04c00000, 0x059e0000, 0x059e0000)
  from space 1728K,  73% used [0x059e0000, 0x05b1c8e8, 0x05b90000)
  to   space 1728K,   0% used [0x05b90000, 0x05b90000, 0x05d40000)
 tenured generation   total 35268K, used 34339K [0x0a150000, 0x0c3c1000, 0x14c00000)
   the space 35268K,  97% used [0x0a150000, 0x0c2d8ff0, 0x0c2d9000, 0x0c3c1000)
 Metaspace       used 28138K, capacity 28435K, committed 28672K, reserved 29056K
Event: 7.026 GC heap after
Heap after GC invocations=95 (full 3):
 def new generation   total 15936K, used 889K [0x04c00000, 0x05d40000, 0x0a150000)
  eden space 14208K,   0% used [0x04c00000, 0x04c00000, 0x059e0000)
  from space 1728K,  51% used [0x05b90000, 0x05c6e558, 0x05d40000)
  to   space 1728K,   0% used [0x059e0000, 0x059e0000, 0x05b90000)
 tenured generation   total 35268K, used 34926K [0x0a150000, 0x0c3c1000, 0x14c00000)
   the space 35268K,  99% used [0x0a150000, 0x0c36bbc0, 0x0c36bc00, 0x0c3c1000)
 Metaspace       used 28138K, capacity 28435K, committed 28672K, reserved 29056K
}
Event: 7.129 GC heap before
{Heap before GC invocations=95 (full 3):
 def new generation   total 15936K, used 15097K [0x04c00000, 0x05d40000, 0x0a150000)
  eden space 14208K, 100% used [0x04c00000, 0x059e0000, 0x059e0000)
  from space 1728K,  51% used [0x05b90000, 0x05c6e558, 0x05d40000)
  to   space 1728K,   0% used [0x059e0000, 0x059e0000, 0x05b90000)
 tenured generation   total 35268K, used 34926K [0x0a150000, 0x0c3c1000, 0x14c00000)
   the space 35268K,  99% used [0x0a150000, 0x0c36bbc0, 0x0c36bc00, 0x0c3c1000)
 Metaspace       used 28299K, capacity 28578K, committed 28800K, reserved 29056K
Event: 7.226 GC heap after
Heap after GC invocations=96 (full 4):
 def new generation   total 25344K, used 0K [0x04c00000, 0x06780000, 0x0a150000)
  eden space 22528K,   0% used [0x04c00000, 0x04c00000, 0x06200000)
  from space 2816K,   0% used [0x06200000, 0x06200000, 0x064c0000)
  to   space 2816K,   0% used [0x064c0000, 0x064c0000, 0x06780000)
 tenured generation   total 56280K, used 33767K [0x0a150000, 0x0d846000, 0x14c00000)
   the space 56280K,  59% used [0x0a150000, 0x0c249cd0, 0x0c249e00, 0x0d846000)
 Metaspace       used 28299K, capacity 28578K, committed 28800K, reserved 29056K
}
Event: 7.416 GC heap before
{Heap before GC invocations=96 (full 4):
 def new generation   total 25344K, used 22528K [0x04c00000, 0x06780000, 0x0a150000)
  eden space 22528K, 100% used [0x04c00000, 0x06200000, 0x06200000)
  from space 2816K,   0% used [0x06200000, 0x06200000, 0x064c0000)
  to   space 2816K,   0% used [0x064c0000, 0x064c0000, 0x06780000)
 tenured generation   total 56280K, used 33767K [0x0a150000, 0x0d846000, 0x14c00000)
   the space 56280K,  59% used [0x0a150000, 0x0c249cd0, 0x0c249e00, 0x0d846000)
 Metaspace       used 28421K, capacity 28738K, committed 28928K, reserved 29056K
Event: 7.421 GC heap after
Heap after GC invocations=97 (full 4):
 def new generation   total 25344K, used 1042K [0x04c00000, 0x06780000, 0x0a150000)
  eden space 22528K,   0% used [0x04c00000, 0x04c00000, 0x06200000)
  from space 2816K,  37% used [0x064c0000, 0x065c49e8, 0x06780000)
  to   space 2816K,   0% used [0x06200000, 0x06200000, 0x064c0000)
 tenured generation   total 56280K, used 33767K [0x0a150000, 0x0d846000, 0x14c00000)
   the space 56280K,  59% used [0x0a150000, 0x0c249cd0, 0x0c249e00, 0x0d846000)
 Metaspace       used 28421K, capacity 28738K, committed 28928K, reserved 29056K
}
Event: 17.744 GC heap before
{Heap before GC invocations=97 (full 4):
 def new generation   total 25344K, used 23570K [0x04c00000, 0x06780000, 0x0a150000)
  eden space 22528K, 100% used [0x04c00000, 0x06200000, 0x06200000)
  from space 2816K,  37% used [0x064c0000, 0x065c49e8, 0x06780000)
  to   space 2816K,   0% used [0x06200000, 0x06200000, 0x064c0000)
 tenured generation   total 56280K, used 33767K [0x0a150000, 0x0d846000, 0x14c00000)
   the space 56280K,  59% used [0x0a150000, 0x0c249cd0, 0x0c249e00, 0x0d846000)
 Metaspace       used 29147K, capacity 29475K, committed 29568K, reserved 30080K
Event: 17.753 GC heap after
Heap after GC invocations=98 (full 4):
 def new generation   total 25344K, used 1872K [0x04c00000, 0x06780000, 0x0a150000)
  eden space 22528K,   0% used [0x04c00000, 0x04c00000, 0x06200000)
  from space 2816K,  66% used [0x06200000, 0x063d4078, 0x064c0000)
  to   space 2816K,   0% used [0x064c0000, 0x064c0000, 0x06780000)
 tenured generation   total 56280K, used 33767K [0x0a150000, 0x0d846000, 0x14c00000)
   the space 56280K,  59% used [0x0a150000, 0x0c249cd0, 0x0c249e00, 0x0d846000)
 Metaspace       used 29147K, capacity 29475K, committed 29568K, reserved 30080K
}
Event: 43.834 GC heap before
{Heap before GC invocations=98 (full 4):
 def new generation   total 25344K, used 24400K [0x04c00000, 0x06780000, 0x0a150000)
  eden space 22528K, 100% used [0x04c00000, 0x06200000, 0x06200000)
  from space 2816K,  66% used [0x06200000, 0x063d4078, 0x064c0000)
  to   space 2816K,   0% used [0x064c0000, 0x064c0000, 0x06780000)
 tenured generation   total 56280K, used 33767K [0x0a150000, 0x0d846000, 0x14c00000)
   the space 56280K,  59% used [0x0a150000, 0x0c249cd0, 0x0c249e00, 0x0d846000)
 Metaspace       used 30288K, capacity 30588K, committed 30720K, reserved 31104K
Event: 43.845 GC heap after
Heap after GC invocations=99 (full 4):
 def new generation   total 25344K, used 2816K [0x04c00000, 0x06780000, 0x0a150000)
  eden space 22528K,   0% used [0x04c00000, 0x04c00000, 0x06200000)
  from space 2816K, 100% used [0x064c0000, 0x06780000, 0x06780000)
  to   space 2816K,   0% used [0x06200000, 0x06200000, 0x064c0000)
 tenured generation   total 56280K, used 34660K [0x0a150000, 0x0d846000, 0x14c00000)
   the space 56280K,  61% used [0x0a150000, 0x0c329108, 0x0c329200, 0x0d846000)
 Metaspace       used 30288K, capacity 30588K, committed 30720K, reserved 31104K
}

Deoptimization events (0 events):
No events

Internal exceptions (10 events):
Event: 43.706 Thread 0x1625f800 Exception <a 'java/lang/ClassNotFoundException': org/thymeleaf/spring4/view/ThymeleafViewCustomizer> (0x0593b3d0) thrown at [D:\re\workspace\8-2-build-windows-i586-cygwin\jdk8u73\6086\hotspot\src\share\vm\classfile\systemDictionary.cpp, line 210]
Event: 43.706 Thread 0x1625f800 Exception <a 'java/lang/ArrayIndexOutOfBoundsException'> (0x0593dbd0) thrown at [D:\re\workspace\8-2-build-windows-i586-cygwin\jdk8u73\6086\hotspot\src\share\vm\runtime\sharedRuntime.cpp, line 605]
Event: 43.707 Thread 0x1625f800 Exception <a 'java/lang/ClassNotFoundException': org/springframework/web/servlet/ViewCustomizer> (0x0595bda8) thrown at [D:\re\workspace\8-2-build-windows-i586-cygwin\jdk8u73\6086\hotspot\src\share\vm\classfile\systemDictionary.cpp, line 210]
Event: 43.707 Thread 0x1625f800 Exception <a 'java/lang/ArrayIndexOutOfBoundsException'> (0x0595dea8) thrown at [D:\re\workspace\8-2-build-windows-i586-cygwin\jdk8u73\6086\hotspot\src\share\vm\runtime\sharedRuntime.cpp, line 605]
Event: 43.708 Thread 0x1625f800 Exception <a 'java/lang/ClassNotFoundException': org/springframework/beans/factory/BeanNameAwareCustomizer> (0x05976c18) thrown at [D:\re\workspace\8-2-build-windows-i586-cygwin\jdk8u73\6086\hotspot\src\share\vm\classfile\systemDictionary.cpp, line 210]
Event: 43.709 Thread 0x1625f800 Exception <a 'java/lang/ClassNotFoundException': org/springframework/web/context/ServletContextAwareCustomizer> (0x0598fdc8) thrown at [D:\re\workspace\8-2-build-windows-i586-cygwin\jdk8u73\6086\hotspot\src\share\vm\classfile\systemDictionary.cpp, line 210!eÛñÚE@
Event: 43.711 Thread 0x1625f800 Exception <a 'java/lang/ClassNotFoundException': org/springframework/context/ApplicationContextAwareCustomizer> (0x059a8fc0) thrown at [D:\re\workspace\8-2-build-windows-i586-cygwin\jdk8u73\6086\hotspot\src\share\vm\classfile\systemDictionary.cpp, line 2100KF@
Event: 44.063 Thread 0x16261800 Exception <a 'java/lang/ArrayIndexOutOfBoundsException'> (0x05890268) thrown at [D:\re\workspace\8-2-build-windows-i586-cygwin\jdk8u73\6086\hotspot\src\share\vm\runtime\sharedRuntime.cpp, line 605]
Event: 44.085 Thread 0x16261800 Exception <a 'java/lang/ArrayIndexOutOfBoundsException'> (0x0599ec78) thrown at [D:\re\workspace\8-2-build-windows-i586-cygwin\jdk8u73\6086\hotspot\src\share\vm\runtime\sharedRuntime.cpp, line 605]
Event: 44.103 Thread 0x16261800 Exception <a 'java/lang/ArrayIndexOutOfBoundsException'> (0x05a61550) thrown at [D:\re\workspace\8-2-build-windows-i586-cygwin\jdk8u73\6086\hotspot\src\share\vm\runtime\sharedRuntime.cpp, line 605]

Events (10 events):
Event: 98.549 Thread 0x150d9400 flushing nmethod 0x02c1c988
Event: 98.549 Thread 0x150d9400 flushing nmethod 0x02c1cb48
Event: 98.549 Thread 0x150d9400 flushing nmethod 0x02c1d048
Event: 98.549 Thread 0x150d9400 flushing nmethod 0x02c1df88
Event: 98.549 Thread 0x150d9400 flushing nmethod 0x02c1e4c8
Event: 98.563 Executing VM operation: RevokeBias
Event: 98.563 Executing VM operation: RevokeBias done
Event: 98.566 Executing VM operation: BulkRevokeBias
Event: 98.566 Executing VM operation: BulkRevokeBias done
Event: 98.928 Executing VM operation: GetOrSetLocal


Dynamic libraries:
0x00d80000 - 0x00db3000 	S:\jdk1.8.0_73\bin\javaw.exe
0x77610000 - 0x7778b000 	C:\Windows\SYSTEM32\ntdll.dll
0x75830000 - 0x75910000 	C:\Windows\SYSTEM32\KERNEL32.DLL
0x75420000 - 0x7559e000 	C:\Windows\SYSTEM32\KERNELBASE.dll
0x75050000 - 0x750cb000 	C:\Windows\SYSTEM32\ADVAPI32.dll
0x74150000 - 0x7420e000 	C:\Windows\SYSTEM32\msvcrt.dll
0x74da0000 - 0x74de4000 	C:\Windows\SYSTEM32\sechost.dll
0x74fa0000 - 0x7504d000 	C:\Windows\SYSTEM32\RPCRT4.dll
0x74130000 - 0x7414e000 	C:\Windows\SYSTEM32\SspiCli.dll
0x74120000 - 0x7412a000 	C:\Windows\SYSTEM32\CRYPTBASE.dll
0x76f40000 - 0x76f98000 	C:\Windows\SYSTEM32\bcryptPrimitives.dll
0x75650000 - 0x75797000 	C:\Windows\SYSTEM32\USER32.dll
0x74330000 - 0x7447e000 	C:\Windows\SYSTEM32\GDI32.dll
0x67d10000 - 0x67f1f000 	C:\Windows\WinSxS\x86_microsoft.windows.common-controls_6595b64144ccf1df_6.0.10586.839_none_ea8af107b9b5cbb4\COMCTL32.dll
0x74be0000 - 0x74d9d000 	C:\Windows\SYSTEM32\combase.dll
0x74a80000 - 0x74aab000 	C:\Windows\SYSTEM32\IMM32.DLL
0x56f50000 - 0x5700f000 	S:\jdk1.8.0_73\jre\bin\msvcr100.dll
0x56b80000 - 0x56f48000 	S:\jdk1.8.0_73\jre\bin\client\jvm.dll
0x757a0000 - 0x757c4000 	C:\Windows\SYSTEM32\WINMM.dll
0x74e80000 - 0x74ea3000 	C:\Windows\SYSTEM32\WINMMBASE.dll
0x74a40000 - 0x74a77000 	C:\Windows\SYSTEM32\cfgmgr32.dll
0x77000000 - 0x77006000 	C:\Windows\SYSTEM32\PSAPI.DLL
0x67000000 - 0x67008000 	C:\Windows\SYSTEM32\WSOCK32.dll
0x775b0000 - 0x7760f000 	C:\Windows\SYSTEM32\WS2_32.dll
0x740f0000 - 0x740f8000 	C:\Windows\SYSTEM32\VERSION.dll
0x5bc10000 - 0x5bc1c000 	S:\jdk1.8.0_73\jre\bin\verify.dll
0x5ba40000 - 0x5ba61000 	S:\jdk1.8.0_73\jre\bin\java.dll
0x5b5a0000 - 0x5b5c9000 	S:\jdk1.8.0_73\jre\bin\jdwp.dll
0x5bc00000 - 0x5bc07000 	S:\jdk1.8.0_73\jre\bin\npt.dll
0x5b960000 - 0x5b973000 	S:\jdk1.8.0_73\jre\bin\zip.dll
0x75b40000 - 0x76f3e000 	C:\Windows\SYSTEM32\SHELL32.dll
0x770b0000 - 0x775aa000 	C:\Windows\SYSTEM32\windows.storage.dll
0x751d0000 - 0x75215000 	C:\Windows\SYSTEM32\shlwapi.dll
0x74210000 - 0x7421c000 	C:\Windows\SYSTEM32\kernel.appcore.dll
0x74990000 - 0x74a1d000 	C:\Windows\SYSTEM32\shcore.dll
0x75910000 - 0x75954000 	C:\Windows\SYSTEM32\powrprof.dll
0x74320000 - 0x7432f000 	C:\Windows\SYSTEM32\profapi.dll
0x5bbf0000 - 0x5bbf8000 	S:\jdk1.8.0_73\jre\bin\dt_socket.dll
0x6c5d0000 - 0x6c5e2000 	C:\Windows\system32\napinsp.dll
0x6c5b0000 - 0x6c5c6000 	C:\Windows\system32\pnrpnsp.dll
0x6c590000 - 0x6c5a4000 	C:\Windows\system32\NLAapi.dll
0x732c0000 - 0x7330f000 	C:\Windows\System32\mswsock.dll
0x73660000 - 0x736e4000 	C:\Windows\SYSTEM32\DNSAPI.dll
0x76ff0000 - 0x76ff7000 	C:\Windows\SYSTEM32\NSI.dll
0x6c580000 - 0x6c58b000 	C:\Windows\System32\winrnr.dll
0x6c560000 - 0x6c571000 	C:\Windows\System32\wshbth.dll
0x70ad0000 - 0x70b17000 	C:\Windows\System32\fwpuclnt.dll
0x72030000 - 0x7204b000 	C:\Windows\SYSTEM32\bcrypt.dll
0x6eba0000 - 0x6eba8000 	C:\Windows\System32\rasadhlp.dll
0x5b8e0000 - 0x5b8ea000 	S:\jdk1.8.0_73\jre\bin\management.dll
0x5b580000 - 0x5b596000 	S:\jdk1.8.0_73\jre\bin\net.dll
0x5b8d0000 - 0x5b8df000 	S:\jdk1.8.0_73\jre\bin\nio.dll
0x73fc0000 - 0x73fef000 	C:\Windows\SYSTEM32\IPHLPAPI.DLL
0x6cec0000 - 0x6ced3000 	C:\Windows\SYSTEM32\CRYPTSP.dll
0x6ce90000 - 0x6cebf000 	C:\Windows\system32\rsaenh.dll
0x74100000 - 0x74119000 	C:\Windows\SYSTEM32\USERENV.dll
0x735c0000 - 0x735d3000 	C:\Windows\SYSTEM32\dhcpcsvc6.DLL
0x73c70000 - 0x73c84000 	C:\Windows\SYSTEM32\dhcpcsvc.DLL
0x71340000 - 0x7147f000 	C:\Windows\SYSTEM32\dbghelp.dll

VM Arguments:
jvm_args: -agentlib:jdwp=transport=dt_socket,suspend=y,address=localhost:52056 -Dcom.sun.management.jmxremote -Dcom.sun.management.jmxremote.port=52054 -Dcom.sun.management.jmxremote.authenticate=false -Dcom.sun.management.jmxremote.ssl=false -Dspring.liveBeansView.mbeanDomain -Dspring.application.admin.enabled=true -Dfile.encoding=UTF-8 
java_command: game2peer.Application --spring.output.ansi.enabled=always
java_class_path (initial): S:\wk\game2peer\target\classes;S:\MavenRes\javax\mail\mail\1.4\mail-1.4.jar;S:\MavenRes\javax\activation\activation\1.1\activation-1.1.jar;S:\MavenRes\commons-io\commons-io\2.5\commons-io-2.5.jar;S:\MavenRes\commons-httpclient\commons-httpclient\3.1\commons-httpclient-3.1.jar;S:\MavenRes\commons-logging\commons-logging\1.0.4\commons-logging-1.0.4.jar;S:\MavenRes\com\google\zxing\core\3.2.0\core-3.2.0.jar;S:\MavenRes\com\google\zxing\javase\3.2.0\javase-3.2.0.jar;S:\MavenRes\org\mybatis\spring\boot\mybatis-spring-boot-starter\1.1.1\mybatis-spring-boot-starter-1.1.1.jar;S:\MavenRes\org\mybatis\spring\boot\mybatis-spring-boot-autoconfigure\1.1.1\mybatis-spring-boot-autoconfigure-1.1.1.jar;S:\MavenRes\org\mybatis\mybatis\3.4.0\mybatis-3.4.0.jar;S:\MavenRes\org\mybatis\mybatis-spring\1.3.0\mybatis-spring-1.3.0.jar;S:\MavenRes\org\springframework\boot\spring-boot\1.5.2.RELEASE\spring-boot-1.5.2.RELEASE.jar;S:\MavenRes\org\springframework\boot\spring-boot-autoconfigure\1.5.2.RELEASE\spring-boot-autoconfigure-1.5.2.RELEASE.jar;S:\MavenRes\org\springframework\boot\spring-boot-starter-jdbc\1.5.2.RELEASE\spring-boot-starter-jdbc-1.5.2.RELEASE.jar;S:\MavenRes\org\apache\tomcat\tomcat-jdbc\8.5.11\tomcat-jdbc-8.5.11.jar;S:\MavenRes\org\apache\tomcat\tomcat-juli\8.5.11\tomcat-juli-8.5.11.jar;S:\MavenRes\org\springframework\spring-jdbc\4.3.7.RELEASE\spring-jdbc-4.3.7.RELEASE.jar;S:\MavenRes\org\springframework\spring-tx\4.3.7.RELEASE\spring-tx-4.3.7.RELEASE.jar;S:\MavenRes\org\springframework\boot\spring-boot-starter-thymeleaf\1.5.2.RELEASE\spring-boot-starter-thymeleaf-1.5.2.RELEASE.jar;S:\MavenRes\org\springframework\boot\spring-boot-starter\1.5.2.RELEASE\spring-boot-starter-1.5.2.RELEASE.jar;S:\MavenRes\org\springframework\boot\spring-boot-starter-logging\1.5.2.RELEASE\spring-boot-starter-logging-1.5.2.RELEASE.jar;S:\MavenRes\ch\qos\logback\logback-classic\1.1.11\logback-classic-1.1.11.jar;S:\MavenRes\ch\qos\logback\logback-core\1.1.11\logback-core-1
Launcher Type: SUN_STANDARD

Environment Variables:
JAVA_HOME=D:\jdk1.8.0_73
PATH=S:\jdk1.8.0_73\jre\bin;D:/jdk1.8.0_73/bin/../jre/bin/client;D:/jdk1.8.0_73/bin/../jre/bin;D:/jdk1.8.0_73/bin/../jre/lib/i386;C:\Windows\system32;C:\Windows;C:\Windows\System32\Wbem;C:\Windows\System32\WindowsPowerShell\v1.0\;C:\Program Files (x86)\Common Files\lenovo\easyplussdk\bin;C:\Program Files (x86)\NVIDIA Corporation\PhysX\Common;C:\Program Files\Intel\WiFi\bin\;C:\Program Files\Common Files\Intel\WirelessCommon\;D:\jdk1.8.0_73\bin;C:\Program Files\MySQL\MySQL Utilities 1.6\;D:\pstools;S:\sts-3.8.3.RELEASE;
USERNAME=yjzhang
OS=Windows_NT
PROCESSOR_IDENTIFIER=Intel64 Family 6 Model 94 Stepping 3, GenuineIntel



---------------  S Y S T E M  ---------------

OS: Windows 10.0 , 64 bit Build 10586 (10.0.10586.589)

CPU:total 4 (4 cores per cpu, 1 threads per core) family 6 model 94 stepping 3, cmov, cx8, fxsr, mmx, sse, sse2, sse3, ssse3, sse4.1, sse4.2, popcnt, avx, avx2, aes, clmul, erms, 3dnowpref, lzcnt, tsc, tscinvbit, bmi1, bmi2, adx

Memory: 4k page, physical 8290164k(4216996k free), swap 9600884k(3187720k free)

vm_info: Java HotSpot(TM) Client VM (25.73-b02) for windows-x86 JRE (1.8.0_73-b02), built on Jan 29 2016 17:05:52 by "java_re" with MS VC++ 10.0 (VS2010)

time: Mon May 15 18:55:15 2017
elapsed time: 98 seconds (0d 0h 1m 38s)

